<?xml version="1.0" encoding="UTF-8"?>
<!-- Generated by org.testng.reporters.JUnitXMLReporter -->
<testsuite ignored="0" hostname="Raji" failures="0" tests="26" name="Testing TestNG Features" time="19.066" errors="0" timestamp="14 Nov 2023 13:41:27 GMT">
  <testcase classname="com.test.ExceptionTimeOutTest" name="infiniteLoop" time="0.022"/>
  <testcase classname="com.test.ExceptionTimeOutTest" name="numberFormatExcept" time="0.002"/>
  <testcase classname="com.test.InvocationCountTest" name="sum" time="0.002"/>
  <testcase classname="com.test.InvocationCountTest" name="sum" time="0.0"/>
  <testcase classname="com.test.InvocationCountTest" name="sum" time="0.001"/>
  <testcase classname="com.test.InvocationCountTest" name="sum" time="0.002"/>
  <testcase classname="com.test.InvocationCountTest" name="sum" time="0.001"/>
  <testcase classname="com.test.InvocationCountTest" name="sum" time="0.0"/>
  <testcase classname="com.test.InvocationCountTest" name="sum" time="0.002"/>
  <testcase classname="com.test.InvocationCountTest" name="sum" time="0.001"/>
  <testcase classname="com.test.InvocationCountTest" name="sum" time="0.004"/>
  <testcase classname="com.test.InvocationCountTest" name="sum" time="0.001"/>
  <testcase classname="com.test.TestNGBasics" name="GoogleSearch" time="0.002"/>
  <testcase classname="com.test.TestNGBasics" name="GoogleTitleTest" time="0.002"/>
  <testcase classname="com.test.TestNGFeatures" name="loginPage" time="0.001"/>
  <testcase classname="com.test.TestNGFeatures" name="HomepageTest" time="0.002"/>
  <testcase classname="com.test.TestNGFeatures" name="RegPage" time="0.002"/>
  <testcase classname="com.test.TestNGFeatures" name="SearchPage" time="0.001"/>
  <testcase classname="com.test.GoogleTest" name="GetTitle" time="0.008"/>
  <testcase classname="com.test.GoogleTitleTest" name="GetTitle" time="0.017"/>
  <testcase classname="com.test.GoogleTest" name="LogoCheck" time="0.041"/>
  <testcase classname="com.test.GoogleTitleTest" name="LogoCheck" time="0.039"/>
  <testcase classname="com.test.GoogleTest" name="GmailLinkDisplay" time="0.04"/>
  <testcase classname="com.test.GoogleTest" name="test1" time="0.001"/>
  <testcase classname="com.test.GoogleTest" name="test2" time="0.001"/>
  <testcase classname="com.test.GoogleTest" name="test3" time="0.001"/>
</testsuite> <!-- Testing TestNG Features -->
