<?xml version="1.0" encoding="UTF-8"?>
<testng-results ignored="0" total="1" passed="1" failed="0" skipped="0">
  <reporter-output>
  </reporter-output>
  <suite started-at="2024-06-19T19:10:31 IST" name="Default suite" finished-at="2024-06-19T19:10:36 IST" duration-ms="5431">
    <groups>
    </groups>
    <test started-at="2024-06-19T19:10:31 IST" name="Default test" finished-at="2024-06-19T19:10:36 IST" duration-ms="5431">
      <class name="seleniumBasics.VerifyElements">
        <test-method signature="VerifyEl()[pri:0, instance:seleniumBasics.VerifyElements@55141def]" started-at="2024-06-19T19:10:31 IST" name="VerifyEl" finished-at="2024-06-19T19:10:36 IST" duration-ms="5359" status="PASS">
          <reporter-output>
          </reporter-output>
        </test-method> <!-- VerifyEl -->
      </class> <!-- seleniumBasics.VerifyElements -->
    </test> <!-- Default test -->
  </suite> <!-- Default suite -->
</testng-results>
